<?xml version="1.0" encoding="UTF-8"?>
<testng-results ignored="0" total="1" passed="1" failed="0" skipped="0">
  <reporter-output>
  </reporter-output>
  <suite started-at="2023-07-22T12:00:56 IST" name="Default suite" finished-at="2023-07-22T12:01:08 IST" duration-ms="11782">
    <groups>
    </groups>
    <test started-at="2023-07-22T12:00:56 IST" name="Default test" finished-at="2023-07-22T12:01:08 IST" duration-ms="11782">
      <class name="regression.LoginTest">
        <test-method is-config="true" signature="setUp()[pri:0, instance:regression.LoginTest@470734c3]" started-at="2023-07-22T12:00:56 IST" name="setUp" finished-at="2023-07-22T12:01:03 IST" duration-ms="7360" status="PASS">
          <reporter-output>
          </reporter-output>
        </test-method> <!-- setUp -->
        <test-method signature="loginTest()[pri:0, instance:regression.LoginTest@470734c3]" started-at="2023-07-22T12:01:03 IST" name="loginTest" finished-at="2023-07-22T12:01:08 IST" duration-ms="4039" status="PASS">
          <reporter-output>
          </reporter-output>
        </test-method> <!-- loginTest -->
        <test-method is-config="true" signature="teardown()[pri:0, instance:regression.LoginTest@470734c3]" started-at="2023-07-22T12:01:08 IST" name="teardown" finished-at="2023-07-22T12:01:08 IST" duration-ms="309" status="PASS">
          <reporter-output>
          </reporter-output>
        </test-method> <!-- teardown -->
      </class> <!-- regression.LoginTest -->
    </test> <!-- Default test -->
  </suite> <!-- Default suite -->
</testng-results>
